  Bar.cpp
D:\ALEX\Documents\Uni\Sem3\C++\FilmBrowser\FilmBrowser\Bar.cpp(32,68): warning C4244: 'argument': conversion from 'int' to 'float', possible loss of data
D:\ALEX\Documents\Uni\Sem3\C++\FilmBrowser\FilmBrowser\Bar.cpp(32,51): warning C4244: 'argument': conversion from 'int' to 'float', possible loss of data
D:\ALEX\Documents\Uni\Sem3\C++\FilmBrowser\FilmBrowser\Bar.cpp(32,37): warning C4244: 'argument': conversion from 'int' to 'float', possible loss of data
D:\ALEX\Documents\Uni\Sem3\C++\FilmBrowser\FilmBrowser\Bar.cpp(32,21): warning C4244: 'argument': conversion from 'int' to 'float', possible loss of data
D:\ALEX\Documents\Uni\Sem3\C++\FilmBrowser\FilmBrowser\Bar.cpp(33,80): warning C4244: 'argument': conversion from 'int' to 'float', possible loss of data
D:\ALEX\Documents\Uni\Sem3\C++\FilmBrowser\FilmBrowser\Bar.cpp(33,59): warning C4244: 'argument': conversion from 'int' to 'float', possible loss of data
D:\ALEX\Documents\Uni\Sem3\C++\FilmBrowser\FilmBrowser\Bar.cpp(33,41): warning C4244: 'argument': conversion from 'int' to 'float', possible loss of data
D:\ALEX\Documents\Uni\Sem3\C++\FilmBrowser\FilmBrowser\Bar.cpp(33,21): warning C4244: 'argument': conversion from 'int' to 'float', possible loss of data
D:\ALEX\Documents\Uni\Sem3\C++\FilmBrowser\FilmBrowser\Bar.cpp(66,40): warning C4244: 'argument': conversion from 'int' to 'float', possible loss of data
D:\ALEX\Documents\Uni\Sem3\C++\FilmBrowser\FilmBrowser\Bar.cpp(66,128): warning C4244: 'argument': conversion from 'int' to 'float', possible loss of data
D:\ALEX\Documents\Uni\Sem3\C++\FilmBrowser\FilmBrowser\Bar.cpp(66,216): warning C4244: 'argument': conversion from 'int' to 'float', possible loss of data
D:\ALEX\Documents\Uni\Sem3\C++\FilmBrowser\FilmBrowser\Bar.cpp(66,308): warning C4244: 'argument': conversion from 'int' to 'float', possible loss of data
D:\ALEX\Documents\Uni\Sem3\C++\FilmBrowser\FilmBrowser\Bar.cpp(89,47): warning C4244: 'argument': conversion from 'int' to 'float', possible loss of data
D:\ALEX\Documents\Uni\Sem3\C++\FilmBrowser\FilmBrowser\Bar.cpp(89,41): warning C4244: 'argument': conversion from 'float' to 'int', possible loss of data
  Button.cpp
D:\ALEX\Documents\Uni\Sem3\C++\FilmBrowser\FilmBrowser\Button.cpp(22,68): warning C4244: 'argument': conversion from 'int' to 'float', possible loss of data
D:\ALEX\Documents\Uni\Sem3\C++\FilmBrowser\FilmBrowser\Button.cpp(22,51): warning C4244: 'argument': conversion from 'int' to 'float', possible loss of data
D:\ALEX\Documents\Uni\Sem3\C++\FilmBrowser\FilmBrowser\Button.cpp(22,37): warning C4244: 'argument': conversion from 'int' to 'float', possible loss of data
D:\ALEX\Documents\Uni\Sem3\C++\FilmBrowser\FilmBrowser\Button.cpp(22,21): warning C4244: 'argument': conversion from 'int' to 'float', possible loss of data
D:\ALEX\Documents\Uni\Sem3\C++\FilmBrowser\FilmBrowser\Button.cpp(38,69): warning C4244: 'argument': conversion from 'int' to 'float', possible loss of data
D:\ALEX\Documents\Uni\Sem3\C++\FilmBrowser\FilmBrowser\Button.cpp(38,152): warning C4244: 'argument': conversion from 'int' to 'float', possible loss of data
D:\ALEX\Documents\Uni\Sem3\C++\FilmBrowser\FilmBrowser\Button.cpp(38,231): warning C4244: 'argument': conversion from 'int' to 'float', possible loss of data
D:\ALEX\Documents\Uni\Sem3\C++\FilmBrowser\FilmBrowser\Button.cpp(38,314): warning C4244: 'argument': conversion from 'int' to 'float', possible loss of data
  FilmBrowser.cpp
  main.cpp
  Movie.cpp
  TextBox.cpp
D:\ALEX\Documents\Uni\Sem3\C++\FilmBrowser\FilmBrowser\TextBox.cpp(12,68): warning C4244: 'argument': conversion from 'int' to 'float', possible loss of data
D:\ALEX\Documents\Uni\Sem3\C++\FilmBrowser\FilmBrowser\TextBox.cpp(12,51): warning C4244: 'argument': conversion from 'int' to 'float', possible loss of data
D:\ALEX\Documents\Uni\Sem3\C++\FilmBrowser\FilmBrowser\TextBox.cpp(12,37): warning C4244: 'argument': conversion from 'int' to 'float', possible loss of data
D:\ALEX\Documents\Uni\Sem3\C++\FilmBrowser\FilmBrowser\TextBox.cpp(12,21): warning C4244: 'argument': conversion from 'int' to 'float', possible loss of data
D:\ALEX\Documents\Uni\Sem3\C++\FilmBrowser\FilmBrowser\TextBox.cpp(20,70): warning C4244: 'argument': conversion from 'int' to 'float', possible loss of data
D:\ALEX\Documents\Uni\Sem3\C++\FilmBrowser\FilmBrowser\TextBox.cpp(20,155): warning C4244: 'argument': conversion from 'int' to 'float', possible loss of data
D:\ALEX\Documents\Uni\Sem3\C++\FilmBrowser\FilmBrowser\TextBox.cpp(20,236): warning C4244: 'argument': conversion from 'int' to 'float', possible loss of data
D:\ALEX\Documents\Uni\Sem3\C++\FilmBrowser\FilmBrowser\TextBox.cpp(20,321): warning C4244: 'argument': conversion from 'int' to 'float', possible loss of data
  Widget.cpp
  Generating code
  Previous IPDB not found, fall back to full compilation.
  All 258 functions were compiled because no usable IPDB/IOBJ from previous compilation was found.
  Finished generating code
  FilmBrowser.vcxproj -> D:\ALEX\Documents\Uni\Sem3\C++\FilmBrowser\bin\FilmBrowser.exe
